# JRE version: OpenJDK Runtime Environment Zulu17.50+19-CA (17.0.11+9) (build 17.0.11+9-LTS)
# Java VM: OpenJDK 64-Bit Server VM Zulu17.50+19-CA (17.0.11+9-LTS, mixed mode, sharing, tiered, compressed oops, compressed class ptrs, g1 gc, linux-amd64)
GC Precious Log:
 CPUs: 8 total, 8 available
 Memory: 15708M
 Large Page Support: Disabled
 NUMA Support: Disabled
 Compressed Oops: Enabled (Zero based)
 Heap Region Size: 2M
 Heap Min Capacity: 8M
 Heap Initial Capacity: 246M
 Heap Max Capacity: 3928M
 Pre-touch: Disabled
 Parallel Workers: 8
 Concurrent Workers: 2
 Concurrent Refinement Workers: 8
 Periodic GC: Disabled
Heap:
 garbage-first heap   total 122880K, used 41323K [0x000000070a800000, 0x0000000800000000)
  region size 2048K, 5 young (10240K), 3 survivors (6144K)
 Metaspace       used 73588K, committed 74176K, reserved 1114112K
  class space    used 9851K, committed 10176K, reserved 1048576K
GC Heap History (20 events):
Event: 3,416 GC heap before
{Heap before GC invocations=12 (full 0):
 garbage-first heap   total 86016K, used 59514K [0x000000070a800000, 0x0000000800000000)
  region size 2048K, 18 young (36864K), 1 survivors (2048K)
 Metaspace       used 54074K, committed 54528K, reserved 1114112K
  class space    used 7055K, committed 7232K, reserved 1048576K
}
Event: 3,418 GC heap after
{Heap after GC invocations=13 (full 0):
 garbage-first heap   total 86016K, used 25931K [0x000000070a800000, 0x0000000800000000)
  region size 2048K, 1 young (2048K), 1 survivors (2048K)
 Metaspace       used 54074K, committed 54528K, reserved 1114112K
  class space    used 7055K, committed 7232K, reserved 1048576K
}
Event: 3,875 GC heap before
{Heap before GC invocations=14 (full 0):
 garbage-first heap   total 86016K, used 60747K [0x000000070a800000, 0x0000000800000000)
  region size 2048K, 19 young (38912K), 1 survivors (2048K)
 Metaspace       used 62756K, committed 63232K, reserved 1114112K
  class space    used 8453K, committed 8704K, reserved 1048576K
}
Event: 3,878 GC heap after
{Heap after GC invocations=15 (full 0):
 garbage-first heap   total 86016K, used 27875K [0x000000070a800000, 0x0000000800000000)
  region size 2048K, 2 young (4096K), 2 survivors (4096K)
 Metaspace       used 62756K, committed 63232K, reserved 1114112K
  class space    used 8453K, committed 8704K, reserved 1048576K
}
Event: 4,220 GC heap before
{Heap before GC invocations=15 (full 0):
 garbage-first heap   total 86016K, used 64739K [0x000000070a800000, 0x0000000800000000)
  region size 2048K, 20 young (40960K), 2 survivors (4096K)
 Metaspace       used 66244K, committed 66816K, reserved 1114112K
  class space    used 8917K, committed 9216K, reserved 1048576K
}
Event: 4,224 GC heap after
{Heap after GC invocations=16 (full 0):
 garbage-first heap   total 86016K, used 30471K [0x000000070a800000, 0x0000000800000000)
  region size 2048K, 3 young (6144K), 3 survivors (6144K)
 Metaspace       used 66244K, committed 66816K, reserved 1114112K
  class space    used 8917K, committed 9216K, reserved 1048576K
}
Event: 4,505 GC heap before
{Heap before GC invocations=16 (full 0):
 garbage-first heap   total 86016K, used 63239K [0x000000070a800000, 0x0000000800000000)
  region size 2048K, 19 young (38912K), 3 survivors (6144K)
 Metaspace       used 68094K, committed 68672K, reserved 1114112K
  class space    used 9190K, committed 9472K, reserved 1048576K
}
Event: 4,511 GC heap after
{Heap after GC invocations=17 (full 0):
 garbage-first heap   total 86016K, used 33002K [0x000000070a800000, 0x0000000800000000)
  region size 2048K, 3 young (6144K), 3 survivors (6144K)
 Metaspace       used 68094K, committed 68672K, reserved 1114112K
  class space    used 9190K, committed 9472K, reserved 1048576K
}
Event: 4,777 GC heap before
{Heap before GC invocations=17 (full 0):
 garbage-first heap   total 86016K, used 63722K [0x000000070a800000, 0x0000000800000000)
  region size 2048K, 18 young (36864K), 3 survivors (6144K)
 Metaspace       used 69719K, committed 70272K, reserved 1114112K
  class space    used 9430K, committed 9664K, reserved 1048576K
}
Event: 4,782 GC heap after
{Heap after GC invocations=18 (full 0):
 garbage-first heap   total 126976K, used 34751K [0x000000070a800000, 0x0000000800000000)
  region size 2048K, 3 young (6144K), 3 survivors (6144K)
 Metaspace       used 69719K, committed 70272K, reserved 1114112K
  class space    used 9430K, committed 9664K, reserved 1048576K
}
Event: 111,222 GC heap before
{Heap before GC invocations=18 (full 0):
 garbage-first heap   total 126976K, used 51135K [0x000000070a800000, 0x0000000800000000)
  region size 2048K, 12 young (24576K), 3 survivors (6144K)
 Metaspace       used 72680K, committed 73216K, reserved 1114112K
  class space    used 9820K, committed 10048K, reserved 1048576K
}
Event: 111,265 GC heap after
{Heap after GC invocations=19 (full 1):
 garbage-first heap   total 122880K, used 30133K [0x000000070a800000, 0x0000000800000000)
  region size 2048K, 0 young (0K), 0 survivors (0K)
 Metaspace       used 72677K, committed 73216K, reserved 1114112K
  class space    used 9819K, committed 10048K, reserved 1048576K
}
Event: 111,889 GC heap before
{Heap before GC invocations=19 (full 1):
 garbage-first heap   total 122880K, used 89525K [0x000000070a800000, 0x0000000800000000)
  region size 2048K, 29 young (59392K), 0 survivors (0K)
 Metaspace       used 72834K, committed 73472K, reserved 1114112K
  class space    used 9828K, committed 10112K, reserved 1048576K
}
Event: 111,892 GC heap after
{Heap after GC invocations=20 (full 1):
 garbage-first heap   total 122880K, used 34369K [0x000000070a800000, 0x0000000800000000)
  region size 2048K, 3 young (6144K), 3 survivors (6144K)
 Metaspace       used 72834K, committed 73472K, reserved 1114112K
  class space    used 9828K, committed 10112K, reserved 1048576K
}
Event: 112,607 GC heap before
{Heap before GC invocations=20 (full 1):
 garbage-first heap   total 122880K, used 87617K [0x000000070a800000, 0x0000000800000000)
  region size 2048K, 29 young (59392K), 3 survivors (6144K)
 Metaspace       used 73270K, committed 73920K, reserved 1114112K
  class space    used 9844K, committed 10176K, reserved 1048576K
}
Event: 112,621 GC heap after
{Heap after GC invocations=21 (full 1):
 garbage-first heap   total 122880K, used 37180K [0x000000070a800000, 0x0000000800000000)
  region size 2048K, 4 young (8192K), 4 survivors (8192K)
 Metaspace       used 73270K, committed 73920K, reserved 1114112K
  class space    used 9844K, committed 10176K, reserved 1048576K
}
Event: 195,472 GC heap before
{Heap before GC invocations=21 (full 1):
 garbage-first heap   total 122880K, used 82236K [0x000000070a800000, 0x0000000800000000)
  region size 2048K, 27 young (55296K), 4 survivors (8192K)
 Metaspace       used 73438K, committed 74112K, reserved 1114112K
  class space    used 9846K, committed 10176K, reserved 1048576K
}
Event: 195,521 GC heap after
{Heap after GC invocations=22 (full 2):
 garbage-first heap   total 122880K, used 34976K [0x000000070a800000, 0x0000000800000000)
  region size 2048K, 0 young (0K), 0 survivors (0K)
 Metaspace       used 73435K, committed 74112K, reserved 1114112K
  class space    used 9846K, committed 10176K, reserved 1048576K
}
Event: 196,222 GC heap before
{Heap before GC invocations=22 (full 2):
 garbage-first heap   total 122880K, used 90272K [0x000000070a800000, 0x0000000800000000)
  region size 2048K, 27 young (55296K), 0 survivors (0K)
 Metaspace       used 73587K, committed 74176K, reserved 1114112K
  class space    used 9851K, committed 10176K, reserved 1048576K
}
Event: 196,229 GC heap after
{Heap after GC invocations=23 (full 2):
 garbage-first heap   total 122880K, used 39275K [0x000000070a800000, 0x0000000800000000)
  region size 2048K, 3 young (6144K), 3 survivors (6144K)
 Metaspace       used 73587K, committed 74176K, reserved 1114112K
  class space    used 9851K, committed 10176K, reserved 1048576K
}

